<?xml version="1.0" encoding="UTF-8"?>
<!-- Generated by org.testng.reporters.JUnitReportReporter -->
<testsuite skipped="0" hostname="hari" name="TestCases.TC_001_ProceedtoCheckout" tests="1" failures="0" timestamp="14 Dec 2019 11:44:14 GMT" time="62.352" errors="0">
  <testcase name="runTestcase" time="62.352" classname="TestCases.TC_001_ProceedtoCheckout"/>
</testsuite> <!-- TestCases.TC_001_ProceedtoCheckout -->
